<?xml version="1.0" encoding="UTF-8"?>
<!-- Generated by org.testng.reporters.JUnitXMLReporter -->
<testsuite ignored="0" hostname="RiteshM-AVP" failures="0" tests="2" name="com.crmnext.testCases" time="10.561" errors="0" timestamp="2021-11-21T14:34:49 IST">
  <testcase classname="com.crmnext.testCases.TC1_LoginTest_001" name="loginTest" time="3.182"/>
  <testcase classname="com.crmnext.testCases.TC2_LoginValidation_002" name="loginValidation" time="0.0">
    <skipped/>
  </testcase> <!-- loginValidation -->
</testsuite> <!-- com.crmnext.testCases -->
